C51 COMPILER V9.54   MAIN                                                                  05/24/2025 21:50:12 PAGE 1   


C51 COMPILER V9.54, COMPILATION OF MODULE MAIN
OBJECT MODULE PLACED IN .\Objects\main.obj
COMPILER INVOKED BY: Z:\5151\C51\BIN\C51.EXE main.c OPTIMIZE(8,SPEED) BROWSE DEBUG OBJECTEXTEND PRINT(.\Listings\main.ls
                    -t) TABS(2) OBJECT(.\Objects\main.obj)

line level    source

   1          #include <REGX52.H>
   2          #include <INTRINS.H>
   3          
   4          void Delay(unsigned int xms)  //@12.000MHz
   5          {
   6   1        while(xms--){
   7   2          unsigned char data i, j;
   8   2          i = 2;
   9   2          j = 239;
  10   2          do
  11   2          {
  12   3            while (--j);
  13   3          } while (--i);
  14   2        }
  15   1      }
  16           void main(){
  17   1        unsigned char num = 0;
  18   1        while(1){
  19   2          if (P3_1==0){
  20   3            Delay(20);
  21   3            while(P3_1==0);
  22   3            Delay(20);
  23   3            num++;
  24   3            P2=~(num);
  25   3          }
  26   2        }
  27   1       }
  28           /*
  29           小灯泡低电平有效，1.3-8译码器低电平有效
  30           2.低电平只起到一个信号传递的作用，信号会在某一元件中继变强
  31           */


MODULE INFORMATION:   STATIC OVERLAYABLE
   CODE SIZE        =     54    ----
   CONSTANT SIZE    =   ----    ----
   XDATA SIZE       =   ----    ----
   PDATA SIZE       =   ----    ----
   DATA SIZE        =   ----       2
   IDATA SIZE       =   ----    ----
   BIT SIZE         =   ----    ----
END OF MODULE INFORMATION.


C51 COMPILATION COMPLETE.  0 WARNING(S),  0 ERROR(S)
