C51 COMPILER V9.54   MAIN                                                                  05/22/2025 21:50:23 PAGE 1   


C51 COMPILER V9.54, COMPILATION OF MODULE MAIN
OBJECT MODULE PLACED IN .\Objects\main.obj
COMPILER INVOKED BY: Z:\5151\C51\BIN\C51.EXE main.c OPTIMIZE(8,SPEED) BROWSE DEBUG OBJECTEXTEND PRINT(.\Listings\main.ls
                    -t) TABS(2) OBJECT(.\Objects\main.obj)

line level    source

   1          #include <REGX52.H>
   2          #include <INTRINS.H>
   3          
   4          void Nixie(unsigned int Location)
   5          {
   6   1        switch(Location)
   7   1        {
   8   2          case 1:
   9   2            P2_4=0;
  10   2            P2_3=0;
  11   2            P2_2=0;
  12   2            while(1){P0=0x06;}//0000 0110}
  13   2          case 2:
  14   2            P2_4=0;
  15   2            P2_3=0;
  16   2            P2_2=1;
  17   2            while(1){P0=0x5B;}//0101 1011}
  18   2          case 3:
  19   2            P2_4=0;
  20   2            P2_3=1;
  21   2            P2_2=0;
  22   2            while(1){P0=0x4F;}//0100 1111}
  23   2          case 4:
  24   2            P2_4=0;
  25   2            P2_3=1;
  26   2            P2_2=1;
  27   2            while(1){P0=0x66;}//0110 0110}
  28   2          case 5:
  29   2            P2_4=1;
  30   2            P2_3=0;
  31   2            P2_2=0;
  32   2            while(1){P0=0x6D;}//0110 1101}
  33   2          case 6:
  34   2            P2_4=1;
  35   2            P2_3=0;
  36   2            P2_2=1;
  37   2            while(1){P0=0x7D;}//0111 1101}
  38   2          case 7:
  39   2            P2_4=1;
  40   2            P2_3=1;
  41   2            P2_2=0;
  42   2            while(1){P0=0x07;}//0000 0111}
  43   2          case 8:
  44   2            P2_4=1;
  45   2            P2_3=1;
  46   2            P2_2=1;
  47   2            while(1){P0=0x7F;}//0111 1111}
  48   2        }
  49   1      }
  50          {
*** ERROR C141 IN LINE 50 OF main.c: syntax error near '{'
  51            switch(Location)
  52            {
*** ERROR C129 IN LINE 52 OF main.c: missing ';' before '{'
C51 COMPILER V9.54   MAIN                                                                  05/22/2025 21:50:23 PAGE 2   

  53              case 1:
  54                P2_4=0;
  55                P2_3=0;
  56                P2_2=0;
  57              }
  58          }
  59          void main (){
  60            
  61          }

C51 COMPILATION COMPLETE.  0 WARNING(S),  2 ERROR(S)
