C51 COMPILER V9.54   MAIN                                                                  06/04/2025 15:07:10 PAGE 1   


C51 COMPILER V9.54, COMPILATION OF MODULE MAIN
OBJECT MODULE PLACED IN .\Objects\main.obj
COMPILER INVOKED BY: Z:\5151\C51\BIN\C51.EXE main.c OPTIMIZE(8,SPEED) BROWSE DEBUG OBJECTEXTEND PRINT(.\Listings\main.ls
                    -t) TABS(2) OBJECT(.\Objects\main.obj)

line level    source

   1          #include <REGX52.H>
   2          #include "Delay.h"
   3          #include "LCD1602.h"
   4          #include "MatrixKey.h"
   5          
   6          unsigned int Num;
   7          
   8          void main (){
   9   1        LCD_Init();
  10   1        LCD_ShowString(1,1,"U are life");
  11   1        while(1){
  12   2          Num=MatrixKey();
  13   2          if(Num){
  14   3            LCD_ShowNum(2,1,Num,2);
  15   3          }
  16   2      /**
  17   2        *  @brief   这里必须要if（Num）,因为MatrixKey按钮未置下时是常态的0
  18   2        *           "Num=MatrixKey();
  19   2        *            LCD_ShowString(2,1,Num,2);"
  20   2        *           不可取
  21   2        */
  22   2        
  23   2      }}


MODULE INFORMATION:   STATIC OVERLAYABLE
   CODE SIZE        =     46    ----
   CONSTANT SIZE    =     11    ----
   XDATA SIZE       =   ----    ----
   PDATA SIZE       =   ----    ----
   DATA SIZE        =      2    ----
   IDATA SIZE       =   ----    ----
   BIT SIZE         =   ----    ----
END OF MODULE INFORMATION.


C51 COMPILATION COMPLETE.  0 WARNING(S),  0 ERROR(S)
