C51 COMPILER V9.54   MATRIXKEY                                                             06/04/2025 15:11:25 PAGE 1   


C51 COMPILER V9.54, COMPILATION OF MODULE MATRIXKEY
OBJECT MODULE PLACED IN .\Objects\MatrixKey.obj
COMPILER INVOKED BY: Z:\5151\C51\BIN\C51.EXE MatrixKey.c OPTIMIZE(8,SPEED) BROWSE DEBUG OBJECTEXTEND PRINT(.\Listings\Ma
                    -trixKey.lst) TABS(2) OBJECT(.\Objects\MatrixKey.obj)

line level    source

   1          #include <REGX52.H>
   2          #include "Delay.h"
   3          
   4          unsigned char MatrixKey(){
   5   1        unsigned char Keynum = 0;
   6   1        
   7   1          P1=0xFF;
   8   1          P1_0=0;
   9   1          if(P1_4==0){Delay(20);while(P1_4==0);Delay(20);Keynum=16;}
  10   1          if(P1_5==0){Delay(20);while(P1_5==0);Delay(20);Keynum=12;}
  11   1          if(P1_6==0){Delay(20);while(P1_6==0);Delay(20);Keynum=8;}
  12   1          if(P1_7==0){Delay(20);while(P1_7==0);Delay(20);Keynum=4;}
  13   1          
  14   1          P1=0xFF;
  15   1          P1_1=0;
  16   1          if(P1_4==0){Delay(20);while(P1_4==0);Delay(20);Keynum=15;}
  17   1          if(P1_5==0){Delay(20);while(P1_5==0);Delay(20);Keynum=11;}
  18   1          if(P1_6==0){Delay(20);while(P1_6==0);Delay(20);Keynum=7;}
  19   1          if(P1_7==0){Delay(20);while(P1_7==0);Delay(20);Keynum=3;}
  20   1          
  21   1          P1=0xFF;
  22   1          P1_2=0;
  23   1          if(P1_4==0){Delay(20);while(P1_4==0);Delay(20);Keynum=14;}
  24   1          if(P1_5==0){Delay(20);while(P1_5==0);Delay(20);Keynum=10;}
  25   1          if(P1_6==0){Delay(20);while(P1_6==0);Delay(20);Keynum=6;}
  26   1          if(P1_7==0){Delay(20);while(P1_7==0);Delay(20);Keynum=2;}
  27   1          
  28   1          P1=0xFF;
  29   1          P1_3=0;
  30   1          if(P1_4==0){Delay(20);while(P1_4==0);Delay(20);Keynum=13;}
  31   1          if(P1_5==0){Delay(20);while(P1_5==0);Delay(20);Keynum=9;}
  32   1          if(P1_6==0){Delay(20);while(P1_6==0);Delay(20);Keynum=5;}
  33   1          if(P1_7==0){Delay(20);while(P1_7==0);Delay(20);Keynum=1;}
  34   1        
  35   1        return Keynum;
  36   1      }


MODULE INFORMATION:   STATIC OVERLAYABLE
   CODE SIZE        =    393    ----
   CONSTANT SIZE    =   ----    ----
   XDATA SIZE       =   ----    ----
   PDATA SIZE       =   ----    ----
   DATA SIZE        =   ----       1
   IDATA SIZE       =   ----    ----
   BIT SIZE         =   ----    ----
END OF MODULE INFORMATION.


C51 COMPILATION COMPLETE.  0 WARNING(S),  0 ERROR(S)
